#
# There is insufficient memory for the Java Runtime Environment to continue.
# Native memory allocation (mmap) failed to map 130023424 bytes for G1 virtual space
# Possible reasons:
#   The system is out of physical RAM or swap space
#   The process is running with CompressedOops enabled, and the Java Heap may be blocking the growth of the native heap
# Possible solutions:
#   Reduce memory load on the system
#   Increase physical memory or swap space
#   Check if swap backing store is full
#   Decrease Java heap size (-Xmx/-Xms)
#   Decrease number of Java threads
#   Decrease Java thread stack sizes (-Xss)
#   Set larger code cache with -XX:ReservedCodeCacheSize=
#   JVM is running with Unscaled Compressed Oops mode in which the Java heap is
#     placed in the first 4GB address space. The Java Heap base address is the
#     maximum limit for the native heap growth. Please use -XX:HeapBaseMinAddress
#     to set the Java Heap base and to place the Java Heap above 4GB virtual address.
# This output file may be truncated or incomplete.
#
#  Out of Memory Error (os_windows.cpp:3548), pid=23076, tid=24900
#
# JRE version:  (17.0.12+8) (build )
# Java VM: Java HotSpot(TM) 64-Bit Server VM (17.0.12+8-LTS-286, mixed mode, emulated-client, sharing, tiered, compressed oops, compressed class ptrs, g1 gc, windows-amd64)
# No core dump will be written. Minidumps are not enabled by default on client versions of Windows
#

---------------  S U M M A R Y ------------

Command Line: -XX:TieredStopAtLevel=1 com.example.bookservice.BookServiceApplication

Host: 11th Gen Intel(R) Core(TM) i5-1135G7 @ 2.40GHz, 8 cores, 7G,  Windows 11 , 64 bit Build 26100 (10.0.26100.3323)
Time: Fri Apr 11 12:49:44 2025 Paris, Madrid (heure duild 26100 (10.0.26100.3323) elapsed time: 0.019096 seconds (0d 0h 0m 0s)

---------------  T H R E A D  ---------------

Current thread (0x000001eb1705f720):  JavaThread "Unknown thread" [_thread_in_vm, id=24900, stack(0x000000a4bba00000,0x000000a4bbb00000)]

Stack: [0x000000a4bba00000,0x000000a4bbb00000]
Native frames: (J=compiled Java code, j=interpreted, Vv=VM code, C=native code)
V  [jvm.dll+0x67a04a]
V  [jvm.dll+0x7da4ed]
V  [jvm.dll+0x7dbe33]
V  [jvm.dll+0x7dc4a3]
V  [jvm.dll+0x24508f]
V  [jvm.dll+0x677089]
V  [jvm.dll+0x66bd32]
V  [jvm.dll+0x301fa6]
V  [jvm.dll+0x309546]
V  [jvm.dll+0x359d2e]
V  [jvm.dll+0x359f5f]
V  [jvm.dll+0x2d9078]
V  [jvm.dll+0x2d9fe4]
V  [jvm.dll+0x7aca21]
V  [jvm.dll+0x367591]
V  [jvm.dll+0x78b999]
V  [jvm.dll+0x3ec83f]
V  [jvm.dll+0x3ee471]
C  [jli.dll+0x5297]
C  [ucrtbase.dll+0x37b0]
C  [KERNEL32.DLL+0x2e8d7]
C  [ntdll.dll+0xbbf6c]


---------------  P R O C E S S  ---------------

Threads class SMR info:
_java_thread_list=0x00007ffd587b7a18, length=0, elements={
}

Java Threads: ( => current thread )

Other Threads:
  0x000001eb170b9360 GCTaskThread "GC Thread#0" [stack: 0x000000a4bbb00000,0x000000a4bbc00000] [id=2172]
  0x000001eb170ca780 ConcurrentGCThread "G1 Main Marker" [stack: 0x000000a4bbc00000,0x000000a4bbd00000] [id=6164]
  0x000001eb170cc940 ConcurrentGCThread "G1 Conc#0" [stack: 0x000000a4bbd00000,0x000000a4bbe00000] [id=13488]

[error occurred during error reporting (printing all threads), id 0xc0000005, EXCEPTION_ACCESS_VIOLATION (0xc0000005) at pc=0x00007ffd57fe9b67]

VM state: not at safepoint (not fully initialized)

VM Mutex/Monitor currently owned by a thread:  ([mutex/lock_event])
[0x000001eb1705b7f0] Heap_lock - owner thread: 0x000001eb1705f720

Heap address: 0x0000000084000000, size: 1984 MB, Compressed Oops mode: 32-bit

CDS archive(s) mapped at: [0x0000000000000000-0x0000000000000000-0x0000000000000000), size 0, SharedBaseAddress: 0x0000000800000000, ArchiveRelocationMode: 1.
Narrow klass base: 0x0000000000000000, Narrow klass shift: 0, Narrow klass range: 0x0

GC Precious Log:
<Empty>

Heap:
 garbage-first heap   total 0K, used 0K [0x0000000084000000, 0x0000000100000000)
  region size 1024K, 0 young (0K), 0 survivors (0K)

[error occurred during error reporting (printing heap information), id 0xc0000005, EXCEPTION_ACCESS_VIOLATION (0xc0000005) at pc=0x00007ffd583d3859]

GC Heap History (0 events):
No events

Deoptimization events (0 events):
No events

Classes unloaded (0 events):
No events

Classes redefined (0 events):
No events

Internal exceptions (0 events):
No events

VM Operations (0 events):
No events

Events (1 events):
Event: 0.012 Loaded shared library C:\Program Files\Java\jdk-17\bin\java.dll


Dynamic libraries:
0x00007ff68a1d0000 - 0x00007ff68a1e0000 	C:\Program Files\Java\jdk-17\bin\java.exe
0x00007ffdeb600000 - 0x00007ffdeb863000 	C:\WINDOWS\SYSTEM32\ntdll.dll
0x00007ffde9420000 - 0x00007ffde94e7000 	C:\WINDOWS\System32\KERNEL32.DLL
0x00007ffde8800000 - 0x00007ffde8bc9000 	C:\WINDOWS\System32\KERNELBASE.dll
0x00007ffde8f10000 - 0x00007ffde905c000 	C:\WINDOWS\System32\ucrtbase.dll
0x00007ffdc8f40000 - 0x00007ffdc8f5b000 	C:\Program Files\Java\jdk-17\bin\VCRUNTIME140.dll
0x00007ffdc3b30000 - 0x00007ffdc3b49000 	C:\Program Files\Java\jdk-17\bin\jli.dll
0x00007ffde9e80000 - 0x00007ffde9f32000 	C:\WINDOWS\System32\ADVAPI32.dll
0x00007ffde9f40000 - 0x00007ffde9fe9000 	C:\WINDOWS\System32\msvcrt.dll
0x00007ffdea9d0000 - 0x00007ffdeaa76000 	C:\WINDOWS\System32\sechost.dll
0x00007ffdea210000 - 0x00007ffdea326000 	C:\WINDOWS\System32\RPCRT4.dll
0x00007ffde9ad0000 - 0x00007ffde9c9a000 	C:\WINDOWS\System32\USER32.dll
0x00007ffde9280000 - 0x00007ffde92a7000 	C:\WINDOWS\System32\win32u.dll
0x00007ffdea180000 - 0x00007ffdea1aa000 	C:\WINDOWS\System32\GDI32.dll
0x00007ffde8c60000 - 0x00007ffde8d91000 	C:\WINDOWS\System32\gdi32full.dll
0x00007ffde8e60000 - 0x00007ffde8f03000 	C:\WINDOWS\System32\msvcp_win.dll
0x00007ffdc8b90000 - 0x00007ffdc8e20000 	C:\WINDOWS\WinSxS\amd64_microsoft.windows.common-controls_6595b64144ccf1df_6.0.26100.3323_none_3e088096e3344490\COMCTL32.dll
0x00007ffddc870000 - 0x00007ffddc87b000 	C:\WINDOWS\SYSTEM32\VERSION.dll
0x00007ffdeb280000 - 0x00007ffdeb2af000 	C:\WINDOWS\System32\IMM32.DLL
0x00007ffdc8790000 - 0x00007ffdc879c000 	C:\Program Files\Java\jdk-17\bin\vcruntime140_1.dll
0x00007ffd95830000 - 0x00007ffd958be000 	C:\Program Files\Java\jdk-17\bin\msvcp140.dll
0x00007ffd57d00000 - 0x00007ffd588e0000 	C:\Program Files\Java\jdk-17\bin\server\jvm.dll
0x00007ffdea330000 - 0x00007ffdea338000 	C:\WINDOWS\System32\PSAPI.DLL
0x00007ffddcc50000 - 0x00007ffddcc86000 	C:\WINDOWS\SYSTEM32\WINMM.dll
0x00007ffdc0510000 - 0x00007ffdc051a000 	C:\WINDOWS\SYSTEM32\WSOCK32.dll
0x00007ffdeaae0000 - 0x00007ffdeab54000 	C:\WINDOWS\System32\WS2_32.dll
0x00007ffde75e0000 - 0x00007ffde75fa000 	C:\WINDOWS\SYSTEM32\kernel.appcore.dll
0x00007ffdc86c0000 - 0x00007ffdc86ca000 	C:\Program Files\Java\jdk-17\bin\jimage.dll
0x00007ffde5fb0000 - 0x00007ffde61f1000 	C:\WINDOWS\SYSTEM32\DBGHELP.DLL
0x00007ffde9550000 - 0x00007ffde98d2000 	C:\WINDOWS\System32\combase.dll
0x00007ffdeb460000 - 0x00007ffdeb536000 	C:\WINDOWS\System32\OLEAUT32.dll
0x00007ffdc4380000 - 0x00007ffdc43b9000 	C:\WINDOWS\SYSTEM32\dbgcore.DLL
0x00007ffde9060000 - 0x00007ffde90f9000 	C:\WINDOWS\System32\bcryptPrimitives.dll
0x00007ffdad180000 - 0x00007ffdad1a5000 	C:\Program Files\Java\jdk-17\bin\java.dll

dbghelp: loaded successfully - version: 4.0.5 - missing functions: none
symbol engine: initialized successfully - sym options: 0x614 - pdb path: .;C:\Program Files\Java\jdk-17\bin;C:\WINDOWS\SYSTEM32;C:\WINDOWS\WinSxS\amd64_microsoft.windows.common-controls_6595b64144ccf1df_6.0.26100.3323_none_3e088096e3344490;C:\Program Files\Java\jdk-17\bin\server

VM Arguments:
jvm_args: -XX:TieredStopAtLevel=1 
java_command: com.example.bookservice.BookServiceApplication
java_class_path (initial): C:\Users\yassa\Desktop\projet-gestion-livres\book-service\book-service\target\classes;C:\Users\yassa\.m2\repository\org\springframework\boot\spring-boot\3.1.0\spring-boot-3.1.0.jar;C:\Users\yassa\.m2\repository\org\springframework\boot\spring-boot-autoconfigure\3.1.0\spring-boot-autoconfigure-3.1.0.jar;C:\Users\yassa\.m2\repository\ch\qos\logback\logback-classic\1.4.7\logback-classic-1.4.7.jar;C:\Users\yassa\.m2\repository\ch\qos\logback\logback-core\1.4.7\logback-core-1.4.7.jar;C:\Users\yassa\.m2\repository\org\apache\logging\log4j\log4j-to-slf4j\2.20.0\log4j-to-slf4j-2.20.0.jar;C:\Users\yassa\.m2\repository\org\apache\logging\log4j\log4j-api\2.20.0\log4j-api-2.20.0.jar;C:\Users\yassa\.m2\repository\org\slf4j\jul-to-slf4j\2.0.7\jul-to-slf4j-2.0.7.jar;C:\Users\yassa\.m2\repository\jakarta\annotation\jakarta.annotation-api\2.1.1\jakarta.annotation-api-2.1.1.jar;C:\Users\yassa\.m2\repository\org\yaml\snakeyaml\1.33\snakeyaml-1.33.jar;C:\Users\yassa\.m2\repository\com\fasterxml\jackson\core\jackson-databind\2.15.0\jackson-databind-2.15.0.jar;C:\Users\yassa\.m2\repository\com\fasterxml\jackson\core\jackson-annotations\2.15.0\jackson-annotations-2.15.0.jar;C:\Users\yassa\.m2\repository\com\fasterxml\jackson\core\jackson-core\2.15.0\jackson-core-2.15.0.jar;C:\Users\yassa\.m2\repository\com\fasterxml\jackson\datatype\jackson-datatype-jdk8\2.15.0\jackson-datatype-jdk8-2.15.0.jar;C:\Users\yassa\.m2\repository\com\fasterxml\jackson\datatype\jackson-datatype-jsr310\2.15.0\jackson-datatype-jsr310-2.15.0.jar;C:\Users\yassa\.m2\repository\com\fasterxml\jackson\module\jackson-module-parameter-names\2.15.0\jackson-module-parameter-names-2.15.0.jar;C:\Users\yassa\.m2\repository\org\apache\tomcat\embed\tomcat-embed-core\10.1.8\tomcat-embed-core-10.1.8.jar;C:\Users\yassa\.m2\repository\org\apache\tomcat\embed\tomcat-embed-websocket\10.1.8\tomcat-embed-websocket-10.1.8.jar;C:\Users\yassa\.m2\repository\org\springframework\spring-web\6.0.9\spring-web-6.0.9.j
Launcher Type: SUN_STANDARD

[Global flags]
     intx CICompilerCount                          = 4                                         {product} {ergonomic}
     uint ConcGCThreads                            = 2                                         {product} {ergonomic}
     uint G1ConcRefinementThreads                  = 8                                         {product} {ergonomic}
   size_t G1HeapRegionSize                         = 1048576                                   {product} {ergonomic}
    uintx GCDrainStackTargetSize                   = 64                                        {product} {ergonomic}
   size_t InitialHeapSize                          = 130023424                                 {product} {ergonomic}
   size_t MarkStackSize                            = 4194304                                   {product} {ergonomic}
   size_t MaxHeapSize                              = 2080374784                                {product} {ergonomic}
   size_t MinHeapDeltaBytes                        = 1048576                                   {product} {ergonomic}
   size_t MinHeapSize                              = 8388608                                   {product} {ergonomic}
    uintx NonProfiledCodeHeapSize                  = 0                                      {pd product} {ergonomic}
     bool ProfileInterpreter                       = false                                  {pd product} {command line}
    uintx ProfiledCodeHeapSize                     = 0                                      {pd product} {ergonomic}
   size_t SoftMaxHeapSize                          = 2080374784                             {manageable} {ergonomic}
     intx TieredStopAtLevel                        = 1                                         {product} {command line}
     bool UseCompressedClassPointers               = true                           {product lp64_product} {ergonomic}
     bool UseCompressedOops                        = true                           {product lp64_product} {ergonomic}
     bool UseG1GC                                  = true                                      {product} {ergonomic}
     bool UseLargePagesIndividualAllocation        = false                                  {pd product} {ergonomic}

Logging:
Log output configuration:
 #0: stdout all=warning uptime,level,tags
 #1: stderr all=off uptime,level,tags

Environment Variables:
JAVA_HOME=C:/Program Files/Java/jdk-17
PATH=C:\Users\yassa\bin;C:\Program Files\Git\mingw64\bin;C:\Program Files\Git\usr\local\bin;C:\Program Files\Git\usr\bin;C:\Program Files\Git\usr\bin;C:\Program Files\Git\mingw64\bin;C:\Program Files\Git\usr\bin;C:\Users\yassa\bin;C:\Users\yassa\AppData\Local\Programs\Python\Python313\Scripts;C:\Users\yassa\AppData\Local\Programs\Python\Python313;C:\Program Files\Common Files\Oracle\Java\javapath;C:\WINDOWS\system32;C:\WINDOWS;C:\WINDOWS\System32\Wbem;C:\WINDOWS\System32\WindowsPowerShell\v1.0;C:\WINDOWS\System32\OpenSSH;C:\Program Files\Kubernetes\Minikube;C:\WINDOWS\system32;C:\WINDOWS;C:\WINDOWS\System32\Wbem;C:\WINDOWS\System32\WindowsPowerShell\v1.0;C:\WINDOWS\System32\OpenSSH;C:\Program Files\Maven\apache-maven-3.9.9\bin;C:\ProgramData\chocolatey\bin;C:\Program Files\Docker\Docker\resources\bin;C:\Program Files\nodejs;C:\Program Files\Git\cmd;C:\Users\yassa\scoop\shims;C:\Program Files\Java\jdk-17;C:\Users\yassa\AppData\Local\Programs\Python\Launcher;C:\Users\yassa\AppData\Local\Microsoft\WindowsApps;C:\Users\yassa\AppData\Local\Programs\Microsoft VS Code\bin;C:\Program Files\JetBrains\IntelliJ IDEA 2024.2.3\bin;C:\Users\yassa\AppData\Local\Programs\Python\Python313;C:\Users\yassa\AppData\Local\GitHubDesktop\bin;C:\Program Files (x86)\Nmap;C:\ProgramData\chocolatey\lib\gradle\tools\gradle-8.12.1\bin;C:\Program Files\MySQL\MySQL Server 8.0\bin;C:\Program Files\Java\jdk-21\bin;C:\Users\yassa\AppData\Roaming\npm;C:\Program Files\PostgreSQL\15\bin;C:\Program Files\Git\usr\bin\vendor_perl;C:\Program Files\Git\usr\bin\core_perl
USERNAME=yassa
SHELL=C:\Program Files\Git\usr\bin\bash.exe
DISPLAY=needs-to-be-defined
LC_CTYPE=fr_FR.UTF-8
OS=Windows_NT
PROCESSOR_IDENTIFIER=Intel64 Family 6 Model 140 Stepping 1, GenuineIntel



---------------  S Y S T E M  ---------------

OS:
 Windows 11 , 64 bit Build 26100 (10.0.26100.3323)
OS uptime: 13 days 1:59 hours
Hyper-V role detected

CPU: total 8 (initial active 8) (4 cores per cpu, 2 threads per core) family 6 model 140 stepping 1 microcode 0xac, cx8, cmov, fxsr, ht, mmx, 3dnowpref, sse, sse2, sse3, ssse3, sse4.1, sse4.2, popcnt, lzcnt, tsc, tscinvbit, avx, avx2, aes, erms, clmul, bmi1, bmi2, adx, avx512f, avx512dq, avx512cd, avx512bw, avx512vl, sha, fma, vzeroupper, avx512_vpopcntdq, avx512_vpclmulqdq, avx512_vaes, avx512_vnni, clflush, clflushopt, clwb, avx512_vbmi2, avx512_vbmi, hv

Memory: 4k page, system-wide physical 7932M (1059M free)
TotalPageFile size 18439M (AvailPageFile size 59M)
current process WorkingSet (physical memory assigned to process): 12M, peak: 12M
current process commit charge ("private bytes"): 55M, peak: 179M

vm_info: Java HotSpot(TM) 64-Bit Server VM (17.0.12+8-LTS-286) for windows-amd64 JRE (17.0.12+8-LTS-286), built on Jun  5 2024 06:46:59 by "mach5one" with MS VC++ 17.6 (VS2022)

END.
